[2026-04-01T06:29:46.158Z] [INFO] Moved 2026-04-01_accumulation_watchlist.json to raw_data/
[2026-04-01T06:29:46.161Z] [INFO] Moved 2026-04-01_commodity_opportunities.json to raw_data/
[2026-04-01T06:29:46.164Z] [INFO] Moved 2026-04-01_gate_status.json to raw_data/
[2026-04-01T06:29:46.167Z] [INFO] Moved 2026-04-01_gtt_audit.json to raw_data/
[2026-04-01T06:29:46.169Z] [INFO] Moved 2026-04-01_gtt_placement.json to raw_data/
[2026-04-01T06:29:46.172Z] [INFO] Moved 2026-04-01_news_opportunities.json to raw_data/
[2026-04-01T06:29:46.174Z] [INFO] Moved 2026-04-01_opportunities.json to raw_data/
[2026-04-01T06:29:46.177Z] [INFO] Moved 2026-04-01_portfolio_snapshot.json to raw_data/
[2026-04-01T06:29:46.179Z] [INFO] Moved 2026-04-01_value_screen.json to raw_data/
[2026-04-01T07:35:00.620Z] [INFO] Moved 2026-04-01_commodity_opportunities.json to raw_data/
[2026-04-01T07:35:00.638Z] [INFO] Moved 2026-04-01_gtt_audit.json to raw_data/
[2026-04-01T07:35:00.643Z] [INFO] Moved 2026-04-01_news_opportunities.json to raw_data/
[2026-04-01T07:35:00.647Z] [INFO] Moved 2026-04-01_opportunities.json to raw_data/
[2026-04-01T07:35:00.651Z] [INFO] Moved 2026-04-01_portfolio_snapshot.json to raw_data/
[2026-04-01T07:35:00.656Z] [INFO] Moved 2026-04-01_value_screen.json to raw_data/
[2026-04-01T07:44:32.050Z] [INFO] Moved 2026-04-01_gtt_audit.json to raw_data/
[2026-04-01T07:44:32.053Z] [INFO] Moved 2026-04-01_portfolio_snapshot.json to raw_data/
[2026-04-07T14:59:45.947Z] [INFO] Moved 2026-04-07_commodity_opportunities.json to raw_data/
[2026-04-07T14:59:45.952Z] [INFO] Moved 2026-04-07_gtt_audit.json to raw_data/
[2026-04-07T14:59:45.955Z] [INFO] Moved 2026-04-07_news_opportunities.json to raw_data/
[2026-04-07T14:59:45.959Z] [INFO] Moved 2026-04-07_opportunities.json to raw_data/
[2026-04-07T14:59:45.964Z] [INFO] Moved 2026-04-07_portfolio_snapshot.json to raw_data/
[2026-04-07T14:59:45.967Z] [INFO] Moved 2026-04-07_value_screen.json to raw_data/
[2026-04-07T15:30:00.303Z] [INFO] Moved 2026-04-07_commodity_opportunities.json to raw_data/
[2026-04-07T15:30:00.307Z] [INFO] Moved 2026-04-07_gate_status.json to raw_data/
[2026-04-07T15:30:00.313Z] [INFO] Moved 2026-04-07_gtt_audit.json to raw_data/
[2026-04-07T15:30:00.317Z] [INFO] Moved 2026-04-07_gtt_placement.json to raw_data/
[2026-04-07T15:30:00.322Z] [INFO] Moved 2026-04-07_news_opportunities.json to raw_data/
[2026-04-07T15:30:00.326Z] [INFO] Moved 2026-04-07_opportunities.json to raw_data/
[2026-04-07T15:30:00.330Z] [INFO] Moved 2026-04-07_portfolio_snapshot.json to raw_data/
[2026-04-07T15:30:00.335Z] [INFO] Moved 2026-04-07_value_screen.json to raw_data/
[2026-04-07T15:30:00.339Z] [INFO] Moved 2026-04-07_verification_gate.json to raw_data/
[2026-04-07T15:38:24.074Z] [INFO] Moved 2026-04-07_commodity_opportunities.json to raw_data/
[2026-04-07T15:38:24.106Z] [INFO] Moved 2026-04-07_news_opportunities.json to raw_data/
[2026-04-07T15:38:24.112Z] [INFO] Moved 2026-04-07_opportunities.json to raw_data/
[2026-04-07T15:45:48.290Z] [INFO] Moved 2026-04-07_commodity_opportunities.json to raw_data/
[2026-04-07T15:45:48.292Z] [INFO] Moved 2026-04-07_news_opportunities.json to raw_data/
[2026-04-07T15:45:48.294Z] [INFO] Moved 2026-04-07_opportunities.json to raw_data/
[2026-04-08T01:20:58.248Z] [INFO] Moved 2026-04-08_commodity_opportunities.json to raw_data/
[2026-04-08T01:20:58.251Z] [INFO] Moved 2026-04-08_news_opportunities.json to raw_data/
[2026-04-08T01:20:58.254Z] [INFO] Moved 2026-04-08_opportunities.json to raw_data/
[2026-04-08T01:28:06.358Z] [INFO] Moved 2026-04-08_commodity_opportunities.json to raw_data/
[2026-04-08T01:28:06.364Z] [INFO] Moved 2026-04-08_news_opportunities.json to raw_data/
[2026-04-08T01:28:06.374Z] [INFO] Moved 2026-04-08_opportunities.json to raw_data/
[2026-04-08T01:45:05.333Z] [INFO] Moved 2026-04-08_commodity_opportunities.json to raw_data/
[2026-04-08T01:45:05.337Z] [INFO] Moved 2026-04-08_news_opportunities.json to raw_data/
[2026-04-08T01:45:05.346Z] [INFO] Moved 2026-04-08_opportunities.json to raw_data/
[2026-04-08T01:45:05.351Z] [INFO] Moved 2026-04-08_verification_gate.json to raw_data/
[2026-04-08T02:16:26.865Z] [INFO] Moved 2026-04-08_commodity_opportunities.json to raw_data/
[2026-04-08T02:16:26.869Z] [INFO] Moved 2026-04-08_gtt_audit.json to raw_data/
[2026-04-08T02:16:26.872Z] [INFO] Moved 2026-04-08_news_opportunities.json to raw_data/
[2026-04-08T02:16:26.876Z] [INFO] Moved 2026-04-08_opportunities.json to raw_data/
[2026-04-08T02:16:26.878Z] [INFO] Moved 2026-04-08_portfolio_snapshot.json to raw_data/
[2026-04-08T02:16:26.914Z] [INFO] Moved 2026-04-08_value_screen.json to raw_data/
[2026-04-08T06:16:36.829Z] [INFO] Moved 2026-04-08_commodity_opportunities.json to raw_data/
[2026-04-08T06:16:36.844Z] [INFO] Moved 2026-04-08_dividend_calendar.json to raw_data/
[2026-04-08T06:16:36.855Z] [INFO] Moved 2026-04-08_gtt_audit.json to raw_data/
[2026-04-08T06:16:36.862Z] [INFO] Moved 2026-04-08_news_opportunities.json to raw_data/
[2026-04-08T06:16:36.867Z] [INFO] Moved 2026-04-08_opportunities.json to raw_data/
[2026-04-08T06:16:36.871Z] [INFO] Moved 2026-04-08_portfolio_snapshot.json to raw_data/
[2026-04-08T06:16:36.874Z] [INFO] Moved 2026-04-08_value_screen.json to raw_data/
[2026-04-08T06:25:29.762Z] [INFO] Moved 2026-04-08_commodity_opportunities.json to raw_data/
[2026-04-08T07:17:27.314Z] [INFO] Moved 2026-04-08_commodity_opportunities.json to raw_data/
[2026-04-09T06:28:00.834Z] [INFO] Moved 2026-04-09_dividend_calendar.json to raw_data/
[2026-04-10T04:39:03.058Z] [INFO] Moved 2026-04-10_commodity_opportunities.json to raw_data/
[2026-04-10T04:40:03.293Z] [INFO] Moved 2026-04-10_commodity_opportunities.json to raw_data/
[2026-04-13T05:43:41.510Z] [INFO] Moved 2026-04-13_commodity_opportunities.json to raw_data/
[2026-04-13T05:47:51.234Z] [INFO] Moved 2026-04-13_commodity_opportunities.json to raw_data/
[2026-04-13T06:12:26.279Z] [INFO] Moved 2026-04-13_commodity_opportunities.json to raw_data/
[2026-04-13T06:12:26.287Z] [INFO] Moved 2026-04-13_dividend_calendar.json to raw_data/
[2026-04-13T06:19:13.240Z] [INFO] Moved 2026-04-13_commodity_opportunities.json to raw_data/
[2026-04-13T06:19:13.246Z] [INFO] Moved 2026-04-13_dividend_calendar.json to raw_data/
[2026-04-13T06:32:02.851Z] [INFO] Moved 2026-04-13_commodity_opportunities.json to raw_data/
[2026-04-13T06:32:02.858Z] [INFO] Moved 2026-04-13_dividend_calendar.json to raw_data/
